<?xml version="1.0" encoding="UTF-8"?>
<!-- Generated by org.testng.reporters.JUnitXMLReporter -->
<testsuite ignored="1" hostname="Taruns-MacBook-Air.local" failures="1" tests="2" name="Eror Validation" time="7.022" errors="0" timestamp="2024-12-26T15:31:41 IST">
  <testcase classname="Sel.TestCases.ErrorValidations" name="sumbitReuest" time="0.803">
    <skipped/>
  </testcase> <!-- sumbitReuest -->
  <testcase classname="Sel.TestCases.ErrorValidations" name="sumbitReuest" time="0.749">
    <failure type="java.lang.AssertionError" message="expected:&amp;lt;Incorrect email or password.&amp;gt; but was:&amp;lt;Incorrect email  password.&amp;gt;">
      <![CDATA[java.lang.AssertionError: expected:<Incorrect email or password.> but was:<Incorrect email  password.>
at Sel.TestCases.ErrorValidations.sumbitReuest(ErrorValidations.java:47)
at java.base/java.util.ArrayList.forEach(ArrayList.java:1596)
... Removed 27 stack frames]]>
    </failure>
  </testcase> <!-- sumbitReuest -->
  <testcase classname="Sel.TestCases.ErrorValidations" name="verifyselectedProducts" time="0.0">
    <ignored/>
  </testcase> <!-- verifyselectedProducts -->
</testsuite> <!-- Eror Validation -->
