<?xml version="1.0" encoding="UTF-8"?>
<!-- Generated by org.testng.reporters.JUnitXMLReporter -->
<testsuite ignored="1" hostname="Taruns-MacBook-Air.local" failures="1" tests="1" name="ErrorValidationsTest" time="3.745" errors="0" timestamp="2024-12-26T12:20:53 IST">
  <testcase classname="Sel.TestCases.ErrorValidations" name="sumbitReuest" time="0.772">
    <failure type="java.lang.AssertionError" message="expected:&amp;lt;Incorrect email or password.&amp;gt; but was:&amp;lt;Incorrect email  password.&amp;gt;">
      <![CDATA[java.lang.AssertionError: expected:<Incorrect email or password.> but was:<Incorrect email  password.>
at Sel.TestCases.ErrorValidations.sumbitReuest(ErrorValidations.java:44)
at java.base/java.util.ArrayList.forEach(ArrayList.java:1596)
at java.base/java.util.concurrent.FutureTask.run(FutureTask.java:317)
at java.base/java.util.concurrent.ThreadPoolExecutor.runWorker(ThreadPoolExecutor.java:1144)
at java.base/java.util.concurrent.ThreadPoolExecutor$Worker.run(ThreadPoolExecutor.java:642)
at java.base/java.lang.Thread.run(Thread.java:1583)
... Removed 17 stack frames]]>
    </failure>
  </testcase> <!-- sumbitReuest -->
  <testcase classname="Sel.TestCases.ErrorValidations" name="verifyselectedProducts" time="0.0">
    <ignored/>
  </testcase> <!-- verifyselectedProducts -->
</testsuite> <!-- ErrorValidationsTest -->
