<?xml version="1.0" encoding="UTF-8"?>
<!-- Generated by org.testng.reporters.JUnitXMLReporter -->
<testsuite ignored="3" hostname="Taruns-MacBook-Air.local" failures="1" tests="1" name="Test" time="5.349" errors="0" timestamp="2024-12-26T14:48:56 IST">
  <testcase classname="Sel.TestCases.ErrorValidations" name="sumbitReuest" time="0.801">
    <failure type="java.lang.AssertionError" message="expected:&amp;lt;Incorrect email or password.&amp;gt; but was:&amp;lt;Incorrect email  password.&amp;gt;">
      <![CDATA[java.lang.AssertionError: expected:<Incorrect email or password.> but was:<Incorrect email  password.>
at Sel.TestCases.ErrorValidations.sumbitReuest(ErrorValidations.java:46)
at java.base/java.util.ArrayList.forEach(ArrayList.java:1596)
... Removed 27 stack frames]]>
    </failure>
  </testcase> <!-- sumbitReuest -->
  <testcase classname="Sel.TestCases.ErrorValidations" name="verifyselectedProducts" time="0.0">
    <ignored/>
  </testcase> <!-- verifyselectedProducts -->
  <testcase classname="Sel.TestCases.EcomSubmitRequest" name="orderPageRequest" time="0.0">
    <ignored/>
  </testcase> <!-- orderPageRequest -->
  <testcase classname="Sel.TestCases.EcomSubmitRequest" name="sumbitReuest" time="0.0">
    <ignored/>
  </testcase> <!-- sumbitReuest -->
</testsuite> <!-- Test -->
