<?xml version="1.0" encoding="UTF-8"?>
<testng-results ignored="0" total="1" passed="0" failed="1" skipped="0">
  <reporter-output>
  </reporter-output>
  <suite started-at="2024-12-31T12:42:50 IST" name="Default suite" finished-at="2024-12-31T12:42:54 IST" duration-ms="3907">
    <groups>
      <group name="cucumber">
        <method signature="AbstractTestNGCucumberTests.runScenario(io.cucumber.testng.PickleWrapper,io.cucumber.testng.FeatureWrapper)[pri:0, instance:cucumber.TestNGRunnerCucmber@302c971f]" name="runScenario" class="io.cucumber.testng.AbstractTestNGCucumberTests"/>
      </group> <!-- cucumber -->
    </groups>
    <test started-at="2024-12-31T12:42:50 IST" name="Default test" finished-at="2024-12-31T12:42:54 IST" duration-ms="3907">
      <class name="cucumber.TestNGRunnerCucmber">
        <test-method is-config="true" signature="setUpClass(org.testng.ITestContext)[pri:0, instance:cucumber.TestNGRunnerCucmber@302c971f]" started-at="2024-12-31T12:42:50 IST" name="setUpClass" finished-at="2024-12-31T12:42:51 IST" duration-ms="232" status="PASS">
          <params>
            <param index="0">
              <value>
                <![CDATA[org.testng.TestRunner@61bcbcce]]>
              </value>
            </param>
          </params>
          <reporter-output>
          </reporter-output>
        </test-method> <!-- setUpClass -->
        <test-method signature="runScenario(io.cucumber.testng.PickleWrapper,io.cucumber.testng.FeatureWrapper)[pri:0, instance:cucumber.TestNGRunnerCucmber@302c971f]" started-at="2024-12-31T12:42:51 IST" name="runScenario" description="Runs Cucumber Scenarios" data-provider="scenarios" finished-at="2024-12-31T12:42:54 IST" duration-ms="3648" status="FAIL">
          <params>
            <param index="0">
              <value>
                <![CDATA["Adding the Product into the cart"]]>
              </value>
            </param>
            <param index="1">
              <value>
                <![CDATA["Add Product to the cart"]]>
              </value>
            </param>
          </params>
          <exception class="java.lang.AssertionError">
            <message>
              <![CDATA[expected:<Incorrect email or password.> but was:<Incorrect email  password.>]]>
            </message>
            <full-stacktrace>
              <![CDATA[java.lang.AssertionError: expected:<Incorrect email or password.> but was:<Incorrect email  password.>
at org.testng.AssertJUnit.assertEquals(AssertJUnit.java:115)
at org.testng.AssertJUnit.assertEquals(AssertJUnit.java:125)
at Sel.stepDefinitions.stepDefinitonsImp.i_verify_the_message(stepDefinitonsImp.java:66)
at âœ½.I verify the message "Incorrect email  password." in loginPage.(file:///Users/tarunkella/eclipse-workspace/SeleniumMavenFramework/src/test/java/cucumber/ErrorValidations.feature:13)
]]>
            </full-stacktrace>
          </exception> <!-- java.lang.AssertionError -->
          <reporter-output>
          </reporter-output>
        </test-method> <!-- runScenario -->
        <test-method is-config="true" signature="tearDownClass()[pri:0, instance:cucumber.TestNGRunnerCucmber@302c971f]" started-at="2024-12-31T12:42:54 IST" name="tearDownClass" finished-at="2024-12-31T12:42:54 IST" duration-ms="11" status="PASS">
          <reporter-output>
          </reporter-output>
        </test-method> <!-- tearDownClass -->
      </class> <!-- cucumber.TestNGRunnerCucmber -->
    </test> <!-- Default test -->
  </suite> <!-- Default suite -->
</testng-results>
