<?xml version="1.0" encoding="UTF-8"?>
<!-- Generated by org.testng.reporters.JUnitReportReporter -->
<testsuite hostname="Taruns-MacBook-Air.local" failures="1" tests="1" name="cucumber.TestNGRunnerCucmber" time="3.648" errors="0" timestamp="2024-12-31T12:42:54 IST" skipped="0">
  <testcase classname="cucumber.TestNGRunnerCucmber" name="runScenario" time="3.648">
    <failure message="expected:&lt;Incorrect email or password.&gt; but was:&lt;Incorrect email  password.&gt;" type="java.lang.AssertionError">
      <![CDATA[java.lang.AssertionError: expected:<Incorrect email or password.> but was:<Incorrect email  password.>
at org.testng.AssertJUnit.assertEquals(AssertJUnit.java:115)
at org.testng.AssertJUnit.assertEquals(AssertJUnit.java:125)
at Sel.stepDefinitions.stepDefinitonsImp.i_verify_the_message(stepDefinitonsImp.java:66)
at âœ½.I verify the message "Incorrect email  password." in loginPage.(file:///Users/tarunkella/eclipse-workspace/SeleniumMavenFramework/src/test/java/cucumber/ErrorValidations.feature:13)
]]>
    </failure>
  </testcase> <!-- runScenario -->
</testsuite> <!-- cucumber.TestNGRunnerCucmber -->
